<?xml version="1.0" encoding="UTF-8"?>
<!-- Generated by org.testng.reporters.JUnitXMLReporter -->
<testsuite ignored="0" hostname="LAPTOP-E1NRTU5J" failures="0" tests="4" name="myTest" time="0.04" errors="0" timestamp="2023-11-18T16:17:44 CST">
  <testcase classname="TestNG_Projects.beforeTest" name="Search" time="0.004"/>
  <testcase classname="TestNG_Projects.beforeTest" name="AdvancedSearch" time="0.001"/>
  <testcase classname="TestNG_Projects.Annotations1" name="search" time="0.001"/>
  <testcase classname="TestNG_Projects.Annotations1" name="AdvancedSearch" time="0.001"/>
</testsuite> <!-- myTest -->
