<?xml version="1.0" encoding="UTF-8"?>
<!-- Generated by org.testng.reporters.JUnitXMLReporter -->
<testsuite ignored="0" hostname="LAPTOP-E1NRTU5J" failures="0" tests="5" name="myTest2" time="9.331" errors="0" timestamp="2023-11-18T16:19:02 CST">
  <testcase classname="TestNG_Projects.firstProject" name="openapp" time="6.536"/>
  <testcase classname="TestNG_Projects.firstProject" name="checkLogo" time="0.341"/>
  <testcase classname="TestNG_Projects.firstProject" name="login" time="2.443"/>
  <testcase classname="TestNG_Projects.Annotations1" name="search" time="0.0"/>
  <testcase classname="TestNG_Projects.Annotations1" name="AdvancedSearch" time="0.0"/>
</testsuite> <!-- myTest2 -->
