<?xml version="1.0" encoding="UTF-8"?>
<!-- Generated by org.testng.reporters.JUnitXMLReporter -->
<testsuite ignored="6" hostname="LAPTOP-E1NRTU5J" failures="0" tests="3" name="grouping" time="0.051" errors="0" timestamp="2023-11-20T18:16:50 CST">
  <testcase classname="TestNG_Projects.GrouppaymentTest" name="PaymentFacebook" time="0.008"/>
  <testcase classname="TestNG_Projects.GrouppaymentTest" name="paymentTwitter" time="0.001"/>
  <testcase classname="TestNG_Projects.GrouppaymentTest" name="paymentGmail" time="0.001"/>
  <testcase classname="TestNG_Projects.groupSignup" name="SignUpFacebook" time="0.0">
    <ignored/>
  </testcase> <!-- SignUpFacebook -->
  <testcase classname="TestNG_Projects.groupSignup" name="SignUpTwitter" time="0.0">
    <ignored/>
  </testcase> <!-- SignUpTwitter -->
  <testcase classname="TestNG_Projects.groupLogin" name="LoginFacebook" time="0.0">
    <ignored/>
  </testcase> <!-- LoginFacebook -->
  <testcase classname="TestNG_Projects.groupLogin" name="LoginGmail" time="0.0">
    <ignored/>
  </testcase> <!-- LoginGmail -->
  <testcase classname="TestNG_Projects.groupLogin" name="LoginTwitter" time="0.0">
    <ignored/>
  </testcase> <!-- LoginTwitter -->
  <testcase classname="TestNG_Projects.groupSignup" name="SignUpGmail" time="0.0">
    <ignored/>
  </testcase> <!-- SignUpGmail -->
</testsuite> <!-- grouping -->
