<?xml version="1.0" encoding="UTF-8"?>
<!-- Generated by org.testng.reporters.JUnitXMLReporter -->
<testsuite ignored="0" hostname="LAPTOP-E1NRTU5J" failures="2" tests="3" name="Test1" time="16.424" errors="0" timestamp="2023-11-21T20:24:13 CST">
  <testcase classname="TestNG_Projects.parameters" name="checkLogo" time="2.811">
    <failure type="java.lang.AssertionError" message="The Expected Logo is Not Displayed .... expected [true] but found [false]">
      <![CDATA[java.lang.AssertionError: The Expected Logo is Not Displayed .... expected [true] but found [false]
at TestNG_Projects.parameters.checkLogo(parameters.java:46)
at java.base/java.util.ArrayList.forEach(ArrayList.java:1511)
at java.base/java.util.concurrent.FutureTask.run(FutureTask.java:264)
at java.base/java.util.concurrent.ThreadPoolExecutor.runWorker(ThreadPoolExecutor.java:1136)
at java.base/java.util.concurrent.ThreadPoolExecutor$Worker.run(ThreadPoolExecutor.java:635)
at java.base/java.lang.Thread.run(Thread.java:833)
... Removed 23 stack frames]]>
    </failure>
  </testcase> <!-- checkLogo -->
  <testcase classname="TestNG_Projects.parameters" name="pageTitle" time="2.013"/>
  <testcase classname="TestNG_Projects.parameters" name="pageUrl" time="0.0">
    <failure type="org.testng.TestNGException" message="
Cannot inject @Test annotated Method [pageUrl] with [class java.lang.String].
For more information on native dependency injection please refer to https://testng.org/doc/documentation-main.html#native-dependency-injection">
      <![CDATA[org.testng.TestNGException: 
Cannot inject @Test annotated Method [pageUrl] with [class java.lang.String].
For more information on native dependency injection please refer to https://testng.org/doc/documentation-main.html#native-dependency-injection
at java.base/java.util.ArrayList.forEach(ArrayList.java:1511)
at java.base/java.util.concurrent.FutureTask.run(FutureTask.java:264)
at java.base/java.util.concurrent.ThreadPoolExecutor.runWorker(ThreadPoolExecutor.java:1136)
at java.base/java.util.concurrent.ThreadPoolExecutor$Worker.run(ThreadPoolExecutor.java:635)
at java.base/java.lang.Thread.run(Thread.java:833)
... Removed 16 stack frames]]>
    </failure>
  </testcase> <!-- pageUrl -->
</testsuite> <!-- Test1 -->
