<?xml version="1.0" encoding="UTF-8"?>
<testng-results ignored="0" total="1" passed="1" failed="0" skipped="0">
  <reporter-output>
  </reporter-output>
  <suite started-at="2023-11-26T11:22:41 CST" name="Suite" finished-at="2023-11-26T11:22:49 CST" duration-ms="7563">
    <groups>
    </groups>
    <test started-at="2023-11-26T11:22:41 CST" name="Test" finished-at="2023-11-26T11:22:49 CST" duration-ms="7563">
      <class name="logInPageNegativeTests.LoginNegativeTest">
        <test-method is-config="true" signature="setup()[pri:0, instance:logInPageNegativeTests.LoginNegativeTest@45099dd3]" started-at="2023-11-26T11:22:42 CST" name="setup" finished-at="2023-11-26T11:22:48 CST" duration-ms="6752" status="PASS">
          <reporter-output>
          </reporter-output>
        </test-method> <!-- setup -->
        <test-method signature="clearPwd()[pri:0, instance:logInPageNegativeTests.LoginNegativeTest@45099dd3]" started-at="2023-11-26T11:22:48 CST" name="clearPwd" finished-at="2023-11-26T11:22:49 CST" duration-ms="585" status="PASS">
          <reporter-output>
          </reporter-output>
        </test-method> <!-- clearPwd -->
      </class> <!-- logInPageNegativeTests.LoginNegativeTest -->
    </test> <!-- Test -->
  </suite> <!-- Suite -->
</testng-results>
